<?xml version="1.0" encoding="UTF-8" ?>
<testsuite errors="0" failures="0" hostname="Dhruvikas-MacBook-Pro.local" name="com.flatironschool.javacs.JedisIndexTest" skipped="0" tests="1" time="8.107" timestamp="2016-06-21T02:33:54">
  <properties>
[...]
</properties>
  <testcase classname="com.flatironschool.javacs.JedisIndexTest" name="testGetCounts" time="7.791" />
  <system-out><![CDATA[TERM COUNTER
[, exception, javabeans, references, allowed, objects, setvisible, recognized, slower, without, these, printwriter, introduced, would, protected, because, ioexception, packaged, $, devices, fairly, google, optional, require, community, analysis, packages, version, adapted, 0, standards, 1, reuses, 2, contains, size, 5, left, 6, 7, 8, historically, 9, returns, <, much, >, object, shortly, providing, role, independent, notable, manual, example, result, characters, smartphones, after, solaris, close, computers, resigned, sweep, annotation, haskell, a, fostering, c, licensed, sets, e, copyrights, kernel, i, combines, logical, printing, gnu, the, component, licenses, swing, s, calling, x, routines, returned, discuss, standard, november, instructions, servletrequest, harmony, iso, keywords, official, specifications, j2me, generated, incorporated, others, nonexistent, add, gpl, making, need, originally, its, often, users, aside, http, private, united, provided, standardization, interface, representation, directory, prevent, compiled, producing, appended, provides, responsible, patrick, end, compiler, laptops, compiles, citation, multiple, mobile, perform, rich, label, better, args, special, with, environment, referenced, service, coffee, there, syntax, achieved, well, handling, personaljava, c++, copyright, named, called, executables, told, configurations, release, considered, arithmetic, occurs, accessed, number, responding, genericservlet, centers, judge, write, order, cooperation, similar, went, jcomponent, corporation, programmer, specify, underlying, slowly, exit, system, million, even, transparency, gui, other, circuit, indicated, against, cms, respectively, functionality, portability, top, too, native, indicates, have, particularly, television, j2se, inconsistent, interchangeably, framework, requiring, regard, stored, attributes, francisco, environments, steward, almost, modifier, implicitly, prevents, simplifies, body, upon, platforms, rmi, identical, pages, declares, earlier, etc, windowconstants, members, motif, cable, all, always, new, void, including, clones, below, already, lay, guaranteed, basis, 200, rigorous, apis, were, remedied, translates, specialized, became, initiated, influenced, cause, times, similarly, and, intended, design, extra, predict, universal, declared, comments, automatic, bytecodes, specific, any, despite, caller, application, compilation, inherited, jframe, unsigned, until, machines, respond, servletresponse, renamed, extending, reversed, thought, compiling, led, anywhere, deallocated, defines, companies, java, recompilation, let, jar, pointers, defined, fully, events, microcontrollers, element, displayed, using, began, remain, containing, pack, each, width=, creating, must, styles, bytecode, complexity, feels, fqcn, another, automatically, document, concurrent, facto, two, default, releasing, found, are, does, code=, delimiters, reported, structured, where, attribute, mechanism, popular, arm, escape, graphic, creation, latest, vice, languages, lacking, declaration, jdk, call, such, marketing, plugin, stringbuilder, japplet, supported, through, resulted, featured, becoming, microsystems, run, had, remains, source, enclosing, secure, microsoft, individuals, operator, lifecycle, features, either, compile, generics, has, keyword, starts, ecma, acquired, those, given, unreachable, insufficient, freed, technologies, longer, suited, converted, sued, district, name, selling, page, fields, parameters, full, next, memory, string, import, hidden, android, classes, aspects, description, edition, non, not, documenting, statement, trademark, supporting, analogous, early, ensures, convention, interfaces, infringed, green, was, libraries, derives, windows, generic, way, manage, refer, spared, initially, vulnerabilities, time, window, gtk+, configurable, applications, awt, container, drawstring, developers, quickly, usage, deprecated, interactive, program, when, three, required, multi, jit, largely, specifically, participating, embed, case, hardware, generation, identifier, item, having, standalone, dates, dependencies, explicit, ships, provide, allocate, style, primary, requires, participation, explicitly, widget, enterprise, methods, portion, direct, pattern, smart, undefined, anti, 1998, 1997, leaks, computer, openjdk, 1995, web, low, 1991, merely, architecture, 1999, enables, means, porting, efficient, more, display, consistent, ansi, naughton, january, organization, width, organized, momentarily, superseded, certain, small, instantiates, replace, section, simple, used, compilers, launched, influence, looks, major, few, exiting, potential, described, combination, marked, package, jni, created, tree, runtime, particular, opened, history, inner, exceptions, both, slashes, most, formal, overloading, outside, effect, creates, managing, launches, applet, option, launcher, request, game, mike, determines, values, part, their, alsup, jlabel, point, general, alone, along, parallel, browser, consoles, designed, introduction, applets, san, process, original, comply, built, alternative, also, contained, third, approached, uses, latter, front, user, simply, been, mostly, stack, servlet, mime, asterisk, executing, offer, bar, jre, addition, happen, preventing, pass, documentation, hierarchy, profile, scavenge, active, court, appends, an, easy, height=, as, at, hoff, intermediate, sdk, optimizations, setcontenttype, be, jsp, characteristic, javadoc, see, capability, responsibility, systems, by, unlike, jtc, whom, acquisition, override, licences, embedded, enabling, charge, contain, set, business, advent, alternate, possible, familiar, right, executable, appeals, june, withdrew, stage, calls, under, did, essential, de, added, javaserver, debugger, language, graphics, do, developed, hold, later, designated, javax, prior, won, legal, programming, jvm, which, ee, needs, us$20, relicensed, static, commonly, typically, finally, 2001, 2000, garbage, g1, publicly, browsers, unstable, never, parts, containers, commenting, party, frame, however, some, virtual, beginning, rather, optimized, for, 2012, 2010, title, collector, content, burden, states, 2009, 2007, desktop, 2006, related, 2004, oak, client, foss, passed, featuring, class, just, pixel, digital, owner, directed, jury, specification, strictly, existing, print, formalize, 2016, although, relocate, form, 2015, management, 2014, servlets, significantly, comprehensive, subset, president, qualified, triggered, placed, advanced, deallocate, j2, dropped, soon, improved, tablet, corner, william, four, context, model, assertions, usually, text, whereas, if, validation, likely, large, in, made, io, is, stall, it, being, loading, distributions, traditional, operate, field, contents, exclusively, hello, jsps, status, become, server, recovering, works, clients, enforcing, operates, appending, mac, products, settlement, file, world, library, known, stream, december, ability, everything, stand, implementations, side, may, within, supplied, forward, could, lacks, overrides, draw, off, machine, facilities, conscious, return, instance, use, subject, certify, several, inheritance, feel, networking, main, office, integer, while, supercomputers, suffix, that, copyrighted, revenue, find, than, sufficient, me, host, relentless, criticisms, different, international, directly, regardless, selected, semantically, ideal, level, accepts, occur, restrictions, thrown, difficult, includes, ideas, throws, becomes, chosen, relevant, license, collectors, null, true, oriented, helloworldapp, errors, since, no, behind, code, belong, sheridan, pairings, println, evangelist, setdefaultcloseoperation, of, heap, included, make, on, allocated, unofficial, allows, execution, designers, opposed, or, os, control, thread, segmented, editions, writer, handler, interpreting, upper, dalvik, stood, promised, crash, accessing, meaning, <applet>, drawing, programmers, brand, released, they, 10, goals, height, based, 13, pointer, 14, 15, 16, 17, 18, 19, them, portable, then, something, accept, appletcontext, re, pillar, invoked, programs, interpreted, starting, 20, 21, 22, 23, checking, 24, components, access, 25, 26, primitive, 27, 28, 29, industry, executed, sun, long, into, se, current, managed, supports, operating, free, so, 30, 31, preferred, key, 32, 33, 34, 35, variables, 36, 37, decision, though, 38, 39, one, makes, started, denotes, launch, many, ideally, controlled, single, actually, face, getwriter, associated, holds, closed, to, 40, 41, operation, open, partially, 42, reimplementation, 43, but, 44, 45, commercial, 46, 47, declare, 48, separate, 49, available, numbers, project, reputation, inside, aqua, whenever, apache, ruled, aids, written, 50, 51, five, generate, 52, 53, 54, 55, treated, dispatching, 56, oracle, this, constructor, collection, look, extends, once, vm, pluggable, 60, support, insists, subclasses, 65, implements, allow, installed, jazelle, reasons, lawsuit, needed, iec, update, resides, modifiers, speed, printf, printstream, apple, proprietary, linux, kit, disposed, every, normal, types, classpath, recently, technology, xp, paintcomponent, step, passing, mark, software, claimed, graphical, during, processors, type, april, integers, subtypes, compatible, problem, terms, safety, superclass, 90, 95, presence, between, attempts, van, still, goal, method, overhead, icedtea, wora, filing, itself, concatenation, versions, following, terminate, specifies, hotspot, james, requests, distribution, tools, specified, out, leak, causes, installation, federal, initialized, event, dispute, include, initializes, additionally, elements, anonymous, located, cannot, responses, threading, runs, first, addresses, data, adequate, own, fewer, reference, gosling, only, j2ee, create, from, html, tag, development, offset, like, commitment, servletexception, finished, sent, core, purposes, files, arthur, note, purpose, configuration, line, scientific, scale, statements, error, platform, network, can, security, targeting, public, array, eligible, floating, parameter, said, value, inc, cost, aims, will, idle, implementation, arbitrary, groups, allowing, instead, ultimately, controversy, command, int, performance, boolean, currently, compliance, response, variable, arguments]
TERM COUNTER
[, exception, german, year, govern, remote, slower, without, building, these, asserts, introduced, would, xml, 4gl, visual, because, ten, definitions, ran, invented, organizational, blockcontext, wedded, internally, thus, require, scratch, community, analysis, version, adapted, 1, 2, extensions, contains, linq, 3, 4, selection, 5, much, object, appropriate, role, rejecting, achieve, least, blur, suffice, notable, example, paradigmatic, result, rejects, behavior, computers, hand, haskell, a, mainframes, b, c, address, d, e, f, g, i, textual, the, straight, p, newer, r, s, grammars, ericsson, unrelated, w, x, fifth, information, combined, aerospace, novel, standard, instructions, communicate, iso, correct, keywords, inputs, moved, dijkstra, acm, completeness, specifications, infers, analyses, syntactic, incorporated, 2gl, speakers, implement, replacements, others, ada, add, making, educational, need, finite, wrote, ferranti, lisp, unchecked, troff, its, originally, often, check, konrad, article, users, lack, external, parser, casts, shell, claims, interleaves, decimal, useful, formats, united, applied, relieving, production, interface, punched, prevent, compiled, provides, scope, standardized, hard, compiler, lines, generically, citation, blocks, perform, multiple, evolution, message, manchester, noted, special, with, environment, there, arises, translation, permit, syntax, well, detected, family, referred, albeit, c++, called, backus, told, considered, atlas, configurations, averaging, focus, changing, occurs, faults, approach, years, number, implication, property, 2+2, block, per, write, flow, manipulate, algorithm, order, similar, period, lexical, went, programmer, distant, corporation, specify, clr, understand, distributed, handle, underlying, thousands, forth, edsger, ever, system, even, compose, strongly, binary, integration, programmed, orders, partial, authors, algorithms, other, conversions, aim, kinds, respectively, functionality, restrict, local, valid, conjunction, goto, rights, have, electronic, share, casting, assertion, imperative, declarative, pianos, product, particularly, famous, dominant, identifiers, ucsd, intellectual, prototype, opportunities, produce, interchangeably, stored, php, logic, smalltalk, entity, communities, com, prohibit, measuring, precision, prevents, implicitly, lets, translated, descendant, manner, upon, points, academia, whether, academic, discusses, function, implemented, verification, all, always, border, new, settings, took, baghdad, circumstances, macros, including, read, void, markup, below, differs, applicable, shall, cpu, constitutes, positions, less, real, tool, unit, hybrid, contemporary, alan, were, confusingly, typing, translates, arms, basic, unix, specialized, boundary, became, musa, university, technique, manifestly, overarching, units, disallowed, univac, running, scripting, primitives, autocode, similarly, and, intended, design, define, lang, universal, declared, tied, deliberately, abstraction, automatic, requirement, specific, distinguished, despite, any, declarations, chomsky, application, lengths, compilation, punctuation, communicated, until, machines, xslt, strategy, forms, reason, developments, japan, compiling, anywhere, defines, professional, java, notation, english, represented, let, defined, pointers, fully, portions, eliminated, using, verifying, investigating, each, javascript, labels, argues, input, letter, difference, must, calculations, bytecode, complexity, increased, argued, document, another, automatically, concurrent, predecessor, two, descendants, literal, diversity, found, desired, varying, are, defense, does, vendor, taken, grace, came, structured, formalisms, where, mechanism, popular, reynolds, languages, structures, combining, team, delegates, declaration, entirely, describes, refinements, abstractions, such, diagnostics, filling, absolute, syntactically, describe, understood, through, documents, tedious, remington, needing, had, run, remains, source, microsoft, research, debate, features, either, view, late, compile, bias, things, cambridge, has, results, those, actual, given, correctness, definite, involves, might, widely, adapt, batch, uncomfortable, significant, engineering, expressions, 1943, improving, ignorance, involved, converted, name, detecting, overall, 1949, 1945, next, benefits, cards, string, occupy, aspects, impossible, description, erlang, effort, hartley, 1954, not, 1952, brooker, now, statement, debugging, perl, 1959, 1958, derived, early, 1955, hours, c232, center, was, libraries, earliest, suddenly, generic, way, bypass, what, fallen, jacquard, zuse, 1961, refer, short, 12345, time, 1968, applications, decidable, measured, usage, interactive, program, semantics, when, plankalkül, required, alick, multi, artifact, cast, her, statically, largely, broad, 1960s, greater, case, hardware, generation, identifier, item, having, esoteric, chained, dates, dynamically, 1987, explicit, provide, latent, determined, refined, dividing, purely, implicit, explicitly, study, emphasizes, conditionally, methods, sentences, reliability, direct, merits, consume, undefined, 1998, computer, ways, modern, low, datatype, occasionally, merely, relieved, architecture, meant, means, entirety, more, edsac, centre, performed, meanings, great, wrong, organization, char, broadly, certain, small, distinction, before, simple, figuratively, used, compilers, influence, major, checked, few, 1980s, described, combination, naur, created, kind, runtime, particular, both, formal, important, most, refers, outside, sums, mauchly, who, part, values, determines, their, numeric, constructs, elsewhere, point, general, database, looms, along, parallel, 5gl, designed, subvert, introduction, rest, process, amount, built, assignment, saw, alternative, threads, also, say, approaches, differ, third, various, mean, interaction, uses, front, further, hopper, treating, user, simply, equivalent, been, mostly, evolved, toggled, switches, conversely, ambiguous, rand, offer, mixins, depending, complex, rank, diverse, evaluated, knowledge, addition, 1800s, vein, going, devised, hierarchy, ancestor, mainstream, an, whose, as, at, interpretation, finer, domain, omitted, conventionally, formed, relative, strong, deal, be, traits, scheme, affect, rexx, glennie, how, communications, see, implementors, systems, by, unlike, matic, popularity, assembly, 3gl, term, customers, panel, embedded, blurring, set, contain, business, incorrect, fastest, words, possible, hybrids, 9th, gaps, transition, instructed, cobol, undecidable, meet, regarded, answer, calls, pseudocode, complicated, essential, represent, performs, dialect, added, sometimes, language, promise, sites, do, developed, latex, hold, familial, later, designated, prior, adding, preceded, programming, computational, which, needs, static, commonly, typically, count, turing, 2000, dismissive, publicly, she, take, thereof, piece, varies, parts, perlis, however, some, virtual, rather, session, for, states, related, fortran, divide, passed, just, human, 1950s, class, conversion, notice, digital, over, false, go, specification, existing, form, although, 2013, decades, he, showing, humans, subset, assign, very, practice, brothers, advanced, convert, construct, attempt, output, relationships, tape, context, model, usually, text, classifies, if, tasks, letters, sentence, python, large, surface, in, made, bits, dismissed, is, classified, being, it, foolish, classification, aimed, resulting, odd, altered, field, served, contrast, invalid, john, begin, spawned, trading, server, semantic, brought, inference, serves, langpop, eventually, sequences, literature, world, government, library, known, strings, ability, implementations, together, side, may, within, could, undetected, trigger, defining, off, computation, generally, century, traditionally, corporate, machine, instruction, websites, complete, facilities, return, instance, use, subject, several, annotations, main, integer, subroutine, diffuse, while, supercomputers, second, that, high, faster, split, than, claim, different, communication, directly, ml, alter, artifacts, combine, semantically, vbscript, level, restrictions, difficult, ideas, coded, originate, varieties, task, directions, null, infer, flaws, nonetheless, position, oriented, present, termed, errors, since, problems, no, code, paradigm, paradigms, movements, symbols, sql, considerable, bcpl, of, inventing, somehow, magnitude, physical, make, included, on, allows, execution, macro, opposed, processes, >im, designers, or, downside, determine, nature, control, thread, families, exactly, structure, ruby, contractors, bytes, circulation, essentially, invention, remarks, properties, handler, interpreting, coherent, about, parsing, constraints, branching, quotes, objective, character, extremely, speaking, meaning, raises, above, magnetic, programmers, exhibit, meaningless, they, released, goals, symbolic, based, 13, pointer, 14, closely, modula, 15, 16, 17, 18, module, 19, them, interpreter, then, execute, concepts, processing, programs, understandable, interpreted, 20, 21, subsets, 22, 23, checking, components, 24, functional, fact, 25, access, 26, primitive, 27, 28, 29, mid, grammatical, fundamental, industry, executed, eliminate, seen, seem, pieces, into, referring, current, operating, so, free, 30, 31, 32, 33, issuing, 34, 35, 36, expression, bother, 39, one, many, people, transportation, single, actually, appear, texts, ibm, handled, associated, closed, to, vast, fourth, 40, 41, operation, 42, open, 43, but, 44, 45, commercial, 46, treat, 47, separate, 48, 49, available, rapid, numbers, expressing, express, rules, contexts, mainly, regularly, modularity, dynamic, details, military, written, 50, up, disuse, 51, unusual, 52, us, 53, commands, 54, 55, treated, 56, 57, oracle, this, aimaco, degree, collection, modules, especially, laboratory, once, transformations, solve, 61, 62, support, 63, internet, 64, higher, 65, allow, 66, needed, sgml, idea, vehicles, expects, fundamentally, common, proprietary, throughout, 70, definition, 71, 72, emphasize, 73, every, mask, types, encourages, strokes, cases, previous, again, indeed, flute, typed, artificial, untyped, z3, ones, step, mark, 3gls, software, trend, graphical, axes, during, type, degrees, grammar, problem, terms, safety, enable, between, attempts, phase, still, goal, natural, arise, procedural, agree, benchmark, exist, combinations, examples, among, following, exact, substantially, theory, specifies, internal, pascal, specified, weak, out, across, orthogonal, feature, moreover, elaborated, writing, continues, verify, leap, precise, regular, 1970s, include, simplest, abstract, converts, consolidation, token, help, expect, structuring, additionally, elements, cannot, anonymous, prone, runs, first, mathematical, succeeds, data, theoretical, float, minority, descending, reference, optimisation, spite, describing, only, should, inferred, create, from, html, mechanisms, readable, matlab, development, like, ill, accepted, published, failed, regards, grammatically, sequence, core, proposed, person, purposes, safe, enforce, ground, potentially, >>, here, ancestry, solving, purpose, rejected, mercury, line, scientific, weakly, scale, distinct, interact, statements, error, can, computing, security, operations, paper, array, 1990s, tcl, value, player, carried, enforced, programmable, constructed, computations, soundness, limited, will, studied, implementation, spent, resources, standardize, intent, loopholes, int, command, factors, fragment, performance, trade, variable, growth, arguments, normally]
URL SET FOR TERM: the
[URLSet:the]
[https://en.wikipedia.org/wiki/Programming_language, https://en.wikipedia.org/wiki/Java_(programming_language)]
]]></system-out>
  <system-err><![CDATA[]]></system-err>
</testsuite>
